<?xml version="1.0" encoding="UTF-8"?>
<!-- Generated by org.testng.reporters.JUnitReportReporter -->
<testsuite skipped="0" hostname="Nurbeks-MacBook-Pro.local" name="selenium_practice.IdXpathDemo" tests="1" failures="0" timestamp="16 Mar 2018 02:36:20 GMT" time="5.350" errors="0">
  <testcase name="search" time="5.350" classname="selenium_practice.IdXpathDemo"/>
</testsuite> <!-- selenium_practice.IdXpathDemo -->
